<?xml version="1.0" encoding="UTF-8"?>
<!-- Generated by org.testng.reporters.JUnitReportReporter -->
<testsuite hostname="DESKTOP-GA142P7" failures="0" tests="1" name="demoblazeversion1.demoblazeversion1.TestCase" time="20.916" errors="0" timestamp="2022-02-11T14:37:40 EST" skipped="0">
  <testcase classname="demoblazeversion1.demoblazeversion1.TestCase" name="testCase" time="20.916"/>
  <system-out/>
</testsuite> <!-- demoblazeversion1.demoblazeversion1.TestCase -->
